
~~~~~~~~~~~~~~~~~~~~~~~~~~~~~~~~~~~~~~~~~~~~~~~~~~~~~~~~~~~~~~~~~~~~~~~~~~~~~~~~

dataset_size = 16.00 MB    numObjs = 262144    numCoords = 16    numClusters = 16
Initial cluster centers:
clusters[0] =   0.00   8.00   8.35   1.07   7.63   6.35   4.28  10.00   6.72   3.34   2.51   5.59   2.44   3.35   5.44   2.78
clusters[1] =   1.06   3.44   4.49   5.51   1.72   6.81   2.74   0.34   9.66   5.11   3.94   8.26   0.26   8.72   2.65   0.79
clusters[2] =   1.09   5.65   8.40   5.51   1.24   2.93   6.59   1.55   0.63   7.55   5.17   7.26   1.66   8.13   1.58   5.64
clusters[3] =   2.19   3.31   8.45   9.95   4.84   9.53   8.89   3.10   4.54   1.75   7.82   8.93   0.88   2.90   7.73   8.51
clusters[4] =   2.22   5.52   2.35   9.95   4.36   5.66   2.74   4.31   5.50   4.19   9.05   7.92   2.28   2.31   6.67   3.35
clusters[5] =   3.28   0.97   8.50   4.40   8.45   6.13   1.20   4.66   8.45   5.95   0.48   0.60   0.11   7.68   3.88   1.37
clusters[6] =   3.32   3.19   2.41   4.40   7.96   2.26   5.05   5.86   9.41   8.38   1.70   9.59   1.50   7.08   2.82   6.21
clusters[7] =   4.40   0.84   2.46   8.84   1.56   8.85   7.35   7.42   3.32   2.59   4.35   1.26   0.73   1.86   8.96   9.07
clusters[8] =   4.43   3.06   6.37   8.84   1.07   4.98   1.20   8.62   4.28   5.03   5.57   0.26   2.12   1.26   7.90   3.92
clusters[9] =   5.53   0.72   6.42   3.29   4.68   1.58   3.51   0.18   8.19   9.23   8.23   1.93   1.34   6.04   4.04   6.79
clusters[10] =   6.62   8.38   6.47   7.73   8.29   8.17   5.81   1.73   2.10   3.43   0.88   3.60   0.57   0.81   0.19   9.65
clusters[11] =   6.66   0.59   0.38   7.73   7.80   4.30   9.67   2.93   3.07   5.87   2.11   2.59   1.97   0.22   9.12   4.50
clusters[12] =   7.75   8.25   0.42   2.18   1.40   0.90   1.97   4.48   6.97   0.07   4.76   4.26   1.19   4.99   5.27   7.36
clusters[13] =   8.84   5.90   0.48   6.62   5.01   7.49   4.28   6.03   0.88   4.27   7.41   5.93   0.41   9.77   1.42   0.22
clusters[14] =   8.87   8.12   4.39   6.62   4.52   3.62   8.13   7.24   1.85   6.71   8.63   4.92   1.81   9.17   0.35   5.07
clusters[15] =   9.97   5.78   4.44   1.06   8.12   0.21   0.43   8.79   5.76   0.90   1.29   6.59   1.04   3.95   6.50   7.93

OpenMP Kmeans - Lock (nosync)	(number of threads: 8)
	completed loop 1	completed loop 2	completed loop 3	completed loop 4	completed loop 5	completed loop 6	completed loop 7	completed loop 8	completed loop 9	completed loop 10
        nloops =  10   (total =  0.2409s)  (per loop =  0.0241 s)

Final cluster centers:
clusters[0] =   3.03   6.67   6.32   2.54   6.09   6.07   6.15   6.96   5.62   4.52   5.33   5.09   5.59   3.59   5.38   3.41 
clusters[1] =   4.82   4.64   5.19   4.99   2.56   6.44   4.84   3.44   7.56   4.62   3.89   6.79   4.81   5.62   3.89   2.91 
clusters[2] =   2.99   5.42   6.56   4.27   3.30   3.63   5.53   3.43   2.40   6.08   4.37   6.42   5.36   6.72   4.69   5.73 
clusters[3] =   5.84   3.84   7.20   6.36   5.46   6.38   7.14   3.90   5.70   3.64   6.86   7.02   4.48   5.06   6.64   6.44 
clusters[4] =   3.26   6.56   3.11   7.17   6.15   4.90   3.38   4.51   5.50   5.25   7.23   6.72   5.88   4.00   6.37   4.90 
clusters[5] =   4.54   4.11   6.45   6.06   7.39   5.37   3.88   4.81   6.00   4.44   3.44   2.79   4.72   7.42   5.24   3.40 
clusters[6] =   4.39   4.16   3.36   5.28   6.32   3.92   5.54   6.58   7.06   7.11   3.21   7.13   4.80   6.03   4.05   6.61 
clusters[7] =   3.89   3.29   3.23   5.15   3.38   7.06   6.46   6.89   4.49   4.27   4.77   3.33   5.07   5.58   5.80   7.30 
clusters[8] =   5.06   4.43   6.68   6.85   2.64   4.35   3.16   6.92   4.72   6.11   5.13   3.59   5.00   3.26   5.88   3.98 
clusters[9] =   5.18   3.28   5.30   3.02   5.48   4.21   4.25   3.09   6.37   6.89   7.37   3.23   5.17   4.55   4.65   6.35 
clusters[10] =   5.54   6.76   5.42   6.04   6.10   6.92   4.40   3.41   4.12   4.95   3.39   4.10   4.82   3.21   3.11   7.21 
clusters[11] =   5.84   4.00   3.24   5.35   5.84   3.91   7.25   3.57   3.67   5.34   3.60   4.31   5.46   3.24   6.46   2.96 
clusters[12] =   5.89   7.25   3.18   3.62   3.13   3.16   4.46   4.21   6.26   3.04   4.75   3.72   4.85   5.69   5.85   6.15 
clusters[13] =   6.43   4.56   3.11   4.01   5.06   6.82   3.75   5.41   2.68   4.81   6.48   6.06   4.38   6.56   3.98   3.16 
clusters[14] =   6.85   6.95   5.81   6.31   5.21   3.76   7.16   6.91   4.81   5.94   6.93   4.11   5.50   6.53   3.58   5.14 
clusters[15] =   6.69   4.08   6.13   3.58   6.37   3.32   3.14   6.60   3.77   3.39   3.99   6.86   4.97   4.21   5.81   6.44 
