
~~~~~~~~~~~~~~~~~~~~~~~~~~~~~~~~~~~~~~~~~~~~~~~~~~~~~~~~~~~~~~~~~~~~~~~~~~~~~~~~

dataset_size = 16.00 MB    numObjs = 262144    numCoords = 16    numClusters = 16
Initial cluster centers:
clusters[0] =   0.00   8.00   8.35   1.07   7.63   6.35   4.28  10.00   6.72   3.34   2.51   5.59   2.44   3.35   5.44   2.78
clusters[1] =   1.06   3.44   4.49   5.51   1.72   6.81   2.74   0.34   9.66   5.11   3.94   8.26   0.26   8.72   2.65   0.79
clusters[2] =   1.09   5.65   8.40   5.51   1.24   2.93   6.59   1.55   0.63   7.55   5.17   7.26   1.66   8.13   1.58   5.64
clusters[3] =   2.19   3.31   8.45   9.95   4.84   9.53   8.89   3.10   4.54   1.75   7.82   8.93   0.88   2.90   7.73   8.51
clusters[4] =   2.22   5.52   2.35   9.95   4.36   5.66   2.74   4.31   5.50   4.19   9.05   7.92   2.28   2.31   6.67   3.35
clusters[5] =   3.28   0.97   8.50   4.40   8.45   6.13   1.20   4.66   8.45   5.95   0.48   0.60   0.11   7.68   3.88   1.37
clusters[6] =   3.32   3.19   2.41   4.40   7.96   2.26   5.05   5.86   9.41   8.38   1.70   9.59   1.50   7.08   2.82   6.21
clusters[7] =   4.40   0.84   2.46   8.84   1.56   8.85   7.35   7.42   3.32   2.59   4.35   1.26   0.73   1.86   8.96   9.07
clusters[8] =   4.43   3.06   6.37   8.84   1.07   4.98   1.20   8.62   4.28   5.03   5.57   0.26   2.12   1.26   7.90   3.92
clusters[9] =   5.53   0.72   6.42   3.29   4.68   1.58   3.51   0.18   8.19   9.23   8.23   1.93   1.34   6.04   4.04   6.79
clusters[10] =   6.62   8.38   6.47   7.73   8.29   8.17   5.81   1.73   2.10   3.43   0.88   3.60   0.57   0.81   0.19   9.65
clusters[11] =   6.66   0.59   0.38   7.73   7.80   4.30   9.67   2.93   3.07   5.87   2.11   2.59   1.97   0.22   9.12   4.50
clusters[12] =   7.75   8.25   0.42   2.18   1.40   0.90   1.97   4.48   6.97   0.07   4.76   4.26   1.19   4.99   5.27   7.36
clusters[13] =   8.84   5.90   0.48   6.62   5.01   7.49   4.28   6.03   0.88   4.27   7.41   5.93   0.41   9.77   1.42   0.22
clusters[14] =   8.87   8.12   4.39   6.62   4.52   3.62   8.13   7.24   1.85   6.71   8.63   4.92   1.81   9.17   0.35   5.07
clusters[15] =   9.97   5.78   4.44   1.06   8.12   0.21   0.43   8.79   5.76   0.90   1.29   6.59   1.04   3.95   6.50   7.93

OpenMP Kmeans - Lock (nosync)	(number of threads: 64)
	completed loop 1	completed loop 2	completed loop 3	completed loop 4	completed loop 5	completed loop 6	completed loop 7	completed loop 8	completed loop 9	completed loop 10
        nloops =  10   (total =  0.6887s)  (per loop =  0.0689 s)

Final cluster centers:
clusters[0] =   3.49   6.62   6.69   3.53   6.59   6.22   6.77   7.17   6.13   4.86   5.91   7.98   7.94   6.20   6.76   4.42 
clusters[1] =   4.00   3.66   4.78   4.61   3.24   4.74   4.53   4.04   7.33   4.32   4.55   8.82   6.45   7.16   3.97   3.34 
clusters[2] =   4.07   6.10   7.20   4.97   3.77   4.48   5.51   3.75   2.67   7.44   4.29   8.06   4.69   7.57   5.15   6.52 
clusters[3] =   6.15   4.82   6.78   6.51   5.00   5.53   6.43   3.93   5.31   3.34   7.16   8.46   3.22   5.78   7.77   7.40 
clusters[4] =   4.92   6.30   2.91   6.32   5.83   4.81   3.73   4.69   5.50   5.85   7.58   8.87   6.82   3.65   6.58   5.06 
clusters[5] =   5.47   5.10   6.43   5.86   6.43   5.23   4.28   4.64   5.99   4.97   3.30   3.32   6.66   9.61   7.80   4.26 
clusters[6] =   5.58   4.65   3.47   5.57   6.31   4.22   5.39   6.60   6.55   6.86   3.53   8.05   4.47   7.68   4.04   8.15 
clusters[7] =   4.48   3.87   3.46   5.44   4.37   7.05   6.30   6.92   4.48   4.84   4.78   3.70   3.80   6.91   8.24   8.72 
clusters[8] =   5.03   5.12   6.52   6.14   3.77   5.06   4.08   6.97   5.38   6.43   6.76   3.69   7.32   4.18   8.37   5.06 
clusters[9] =   5.19   3.62   5.42   3.42   5.74   4.86   4.82   3.08   6.38   7.09   7.70   3.73   5.80   6.51   5.94   8.32 
clusters[10] =   4.90   5.18   5.34   5.56   5.02   6.38   4.75   4.39   4.77   4.65   4.14   5.89   8.58   3.42   2.99   9.25 
clusters[11] =   4.91   3.98   3.72   4.82   4.89   4.19   6.42   3.51   3.81   5.02   3.51   5.34   8.62   3.68   8.64   3.83 
clusters[12] =   4.28   6.66   3.50   3.86   3.61   3.72   3.95   3.58   6.00   3.40   4.22   3.43   4.18   5.66   7.28   7.52 
clusters[13] =   5.10   4.38   3.24   4.46   4.43   5.55   3.57   4.47   2.38   4.14   5.64   6.69   5.00   8.90   5.52   3.04 
clusters[14] =   4.28   4.44   4.30   4.65   3.88   2.96   5.23   5.53   3.51   3.78   6.02   3.39   7.40   8.02   2.74   6.84 
clusters[15] =   4.77   3.56   5.27   3.27   4.87   3.38   3.10   5.60   3.48   3.57   3.63   8.10   4.08   3.30   6.96   7.30 
