
~~~~~~~~~~~~~~~~~~~~~~~~~~~~~~~~~~~~~~~~~~~~~~~~~~~~~~~~~~~~~~~~~~~~~~~~~~~~~~~~

dataset_size = 256.00 MB    numObjs = 4194304    numCoords = 16    numClusters = 16
i=1048576 thread=1i=1048577 thread=1i=1048578 thread=1i=1048579 thread=1i=1048580 thread=1i=1048581 thread=1i=1048582 thread=1i=1048583 thread=1i=1048584 thread=1i=1048585 thread=1i=1048586 thread=1i=1048587 thread=1i=1048588 thread=1i=1048589 thread=1i=1048590 thread=1i=1048591 thread=1i=1048592 thread=1i=1048593 thread=1i=1048594 thread=1i=1048595 thread=1i=1048596 thread=1i=1048597 thread=1i=1048598 thread=1i=1048599 thread=1i=1048600 thread=1i=1048601 thread=1i=1048602 thread=1i=1048603 thread=1i=1048604 thread=1i=1048605 thread=1i=1048606 thread=1i=1048607 thread=1i=1048608 thread=1i=1048609 thread=1i=1048610 thread=1i=1048611 thread=1i=1048612 thread=1i=1048613 thread=1i=1048614 thread=1i=1048615 thread=1i=1048616 thread=1i=1048617 thread=1i=1048618 thread=1i=1048619 thread=1i=1048620 thread=1i=1048621 thread=1i=1048622 thread=1i=1048623 thread=1i=1048624 thread=1i=1048625 thread=1i=1048626 thread=1i=1048627 thread=1i=1048628 thread=1i=1048629 thread=1i=1048630 thread=1i=1048631 thread=1i=1048632 thread=1i=1048633 thread=1i=1048634 thread=1i=1048635 thread=1i=1048636 thread=1i=1048637 thread=1i=1048638 thread=1i=1048639 thread=1i=1048640 thread=1i=1048641 thread=1i=1048642 thread=1i=1048643 thread=1i=1048644 thread=1i=1048645 thread=1i=1048646 thread=1i=1048647 thread=1i=1048648 thread=1i=1048649 thread=1i=1048650 thread=1i=1048651 thread=1i=1048652 thread=1i=1048653 thread=1i=1048654 thread=1i=1048655 thread=1i=1048656 thread=1i=1048657 thread=1i=1048658 thread=1i=1048659 thread=1i=1048660 thread=1i=1048661 thread=1i=1048662 thread=1i=1048663 thread=1i=1048664 thread=1i=1048665 thread=1i=1048666 thread=1i=1048667 thread=1i=1048668 thread=1i=1048669 thread=1i=1048670 thread=1i=1048671 thread=1i=1048672 thread=1i=1048673 thread=1i=1048674 thread=1i=1048675 thread=1Initial cluster centers:
clusters[0] =   0.00   8.00   8.35   1.07   7.63   6.35   4.28  10.00   6.72   3.34   2.51   5.59   2.44   3.35   5.44   2.78
clusters[1] =   1.06   3.44   4.49   5.51   1.72   6.81   2.74   0.34   9.66   5.11   3.94   8.26   0.26   8.72   2.65   0.79
clusters[2] =   1.09   5.65   8.40   5.51   1.24   2.93   6.59   1.55   0.63   7.55   5.17   7.26   1.66   8.13   1.58   5.64
clusters[3] =   2.19   3.31   8.45   9.95   4.84   9.53   8.89   3.10   4.54   1.75   7.82   8.93   0.88   2.90   7.73   8.51
clusters[4] =   2.22   5.52   2.35   9.95   4.36   5.66   2.74   4.31   5.50   4.19   9.05   7.92   2.28   2.31   6.67   3.35
clusters[5] =   3.28   0.97   8.50   4.40   8.45   6.13   1.20   4.66   8.45   5.95   0.48   0.60   0.11   7.68   3.88   1.37
clusters[6] =   3.32   3.19   2.41   4.40   7.96   2.26   5.05   5.86   9.41   8.38   1.70   9.59   1.50   7.08   2.82   6.21
clusters[7] =   4.40   0.84   2.46   8.84   1.56   8.85   7.35   7.42   3.32   2.59   4.35   1.26   0.73   1.86   8.96   9.07
clusters[8] =   4.43   3.06   6.37   8.84   1.07   4.98   1.20   8.62   4.28   5.03   5.57   0.26   2.12   1.26   7.90   3.92
clusters[9] =   5.53   0.72   6.42   3.29   4.68   1.58   3.51   0.18   8.19   9.23   8.23   1.93   1.34   6.04   4.04   6.79
clusters[10] =   6.62   8.38   6.47   7.73   8.29   8.17   5.81   1.73   2.10   3.43   0.88   3.60   0.57   0.81   0.19   9.65
clusters[11] =   6.66   0.59   0.38   7.73   7.80   4.30   9.67   2.93   3.07   5.87   2.11   2.59   1.97   0.22   9.12   4.50
clusters[12] =   7.75   8.25   0.42   2.18   1.40   0.90   1.97   4.48   6.97   0.07   4.76   4.26   1.19   4.99   5.27   7.36
clusters[13] =   8.84   5.90   0.48   6.62   5.01   7.49   4.28   6.03   0.88   4.27   7.41   5.93   0.41   9.77   1.42   0.22
clusters[14] =   8.87   8.12   4.39   6.62   4.52   3.62   8.13   7.24   1.85   6.71   8.63   4.92   1.81   9.17   0.35   5.07
clusters[15] =   9.97   5.78   4.44   1.06   8.12   0.21   0.43   8.79   5.76   0.90   1.29   6.59   1.04   3.95   6.50   7.93

OpenMP Kmeans - Reduction	(number of threads: 4)
	completed loop 1	completed loop 2	completed loop 3	completed loop 4	completed loop 5	completed loop 6	completed loop 7	completed loop 8	completed loop 9	completed loop 10
        nloops =  10   (total =  3.7733s)  (per loop =  0.3773s)

Final cluster centers:
clusters[0] =   3.00   6.88   6.32   2.55   6.08   6.13   6.15   7.01   5.55   4.64   5.24   4.80   5.47   3.58   5.28   3.51 
clusters[1] =   4.97   4.63   5.25   4.84   2.56   6.70   5.04   3.44   7.53   4.83   3.76   6.78   4.72   5.61   4.16   2.88 
clusters[2] =   2.89   5.42   6.51   4.35   3.19   3.37   5.47   3.38   2.38   5.90   4.29   6.16   5.08   6.39   4.40   5.27 
clusters[3] =   5.23   3.95   7.05   6.51   5.46   6.39   6.93   3.98   5.48   3.52   6.77   6.92   4.80   5.06   6.59   6.53 
clusters[4] =   3.10   6.29   3.00   7.09   6.00   4.52   3.21   4.48   5.13   5.06   7.21   6.40   5.38   3.63   5.75   4.29 
clusters[5] =   4.02   4.01   6.36   6.16   7.32   5.19   3.73   4.73   6.00   4.33   3.47   2.74   4.59   7.31   5.13   3.65 
clusters[6] =   4.16   4.10   3.18   5.19   6.16   3.90   5.48   6.53   6.92   6.84   3.24   7.07   5.06   5.72   3.85   6.54 
clusters[7] =   3.70   3.46   3.00   5.08   3.35   6.82   6.30   6.73   4.14   4.16   4.71   3.26   4.69   5.17   5.65   7.11 
clusters[8] =   5.48   4.24   6.69   6.76   2.57   4.54   3.09   6.98   4.73   5.93   4.86   3.54   5.20   3.26   5.64   3.83 
clusters[9] =   5.35   3.22   5.68   2.99   5.39   4.39   4.26   3.18   6.42   6.85   7.41   3.33   5.11   4.51   4.55   6.29 
clusters[10] =   5.96   6.92   5.51   5.99   6.11   6.88   4.55   3.31   4.07   5.08   3.32   4.13   4.84   3.18   3.11   6.88 
clusters[11] =   6.13   3.87   3.32   5.18   6.08   3.79   7.26   3.53   3.81   5.54   3.61   4.23   5.36   3.35   6.47   3.02 
clusters[12] =   5.90   7.18   3.14   3.64   3.14   3.16   4.35   3.96   6.43   3.02   4.82   3.77   5.04   5.58   5.71   5.99 
clusters[13] =   6.55   4.41   3.10   3.86   5.28   6.97   3.71   5.30   2.75   4.67   6.33   5.89   4.56   6.63   3.96   3.18 
clusters[14] =   6.92   6.91   5.63   6.35   5.03   3.83   7.19   6.88   4.87   5.99   6.87   4.26   5.28   6.57   3.75   4.84 
clusters[15] =   6.85   4.38   6.33   3.52   6.35   3.38   3.17   6.63   3.96   3.54   4.01   6.88   4.80   4.48   6.06   6.27 
