
~~~~~~~~~~~~~~~~~~~~~~~~~~~~~~~~~~~~~~~~~~~~~~~~~~~~~~~~~~~~~~~~~~~~~~~~~~~~~~~~

dataset_size = 16.00 MB    numObjs = 262144    numCoords = 16    numClusters = 16
Initial cluster centers:
clusters[0] =   0.00   8.00   8.35   1.07   7.63   6.35   4.28  10.00   6.72   3.34   2.51   5.59   2.44   3.35   5.44   2.78
clusters[1] =   1.06   3.44   4.49   5.51   1.72   6.81   2.74   0.34   9.66   5.11   3.94   8.26   0.26   8.72   2.65   0.79
clusters[2] =   1.09   5.65   8.40   5.51   1.24   2.93   6.59   1.55   0.63   7.55   5.17   7.26   1.66   8.13   1.58   5.64
clusters[3] =   2.19   3.31   8.45   9.95   4.84   9.53   8.89   3.10   4.54   1.75   7.82   8.93   0.88   2.90   7.73   8.51
clusters[4] =   2.22   5.52   2.35   9.95   4.36   5.66   2.74   4.31   5.50   4.19   9.05   7.92   2.28   2.31   6.67   3.35
clusters[5] =   3.28   0.97   8.50   4.40   8.45   6.13   1.20   4.66   8.45   5.95   0.48   0.60   0.11   7.68   3.88   1.37
clusters[6] =   3.32   3.19   2.41   4.40   7.96   2.26   5.05   5.86   9.41   8.38   1.70   9.59   1.50   7.08   2.82   6.21
clusters[7] =   4.40   0.84   2.46   8.84   1.56   8.85   7.35   7.42   3.32   2.59   4.35   1.26   0.73   1.86   8.96   9.07
clusters[8] =   4.43   3.06   6.37   8.84   1.07   4.98   1.20   8.62   4.28   5.03   5.57   0.26   2.12   1.26   7.90   3.92
clusters[9] =   5.53   0.72   6.42   3.29   4.68   1.58   3.51   0.18   8.19   9.23   8.23   1.93   1.34   6.04   4.04   6.79
clusters[10] =   6.62   8.38   6.47   7.73   8.29   8.17   5.81   1.73   2.10   3.43   0.88   3.60   0.57   0.81   0.19   9.65
clusters[11] =   6.66   0.59   0.38   7.73   7.80   4.30   9.67   2.93   3.07   5.87   2.11   2.59   1.97   0.22   9.12   4.50
clusters[12] =   7.75   8.25   0.42   2.18   1.40   0.90   1.97   4.48   6.97   0.07   4.76   4.26   1.19   4.99   5.27   7.36
clusters[13] =   8.84   5.90   0.48   6.62   5.01   7.49   4.28   6.03   0.88   4.27   7.41   5.93   0.41   9.77   1.42   0.22
clusters[14] =   8.87   8.12   4.39   6.62   4.52   3.62   8.13   7.24   1.85   6.71   8.63   4.92   1.81   9.17   0.35   5.07
clusters[15] =   9.97   5.78   4.44   1.06   8.12   0.21   0.43   8.79   5.76   0.90   1.29   6.59   1.04   3.95   6.50   7.93

OpenMP Kmeans - Lock (nosync)	(number of threads: 4)
	completed loop 1	completed loop 2	completed loop 3	completed loop 4	completed loop 5	completed loop 6	completed loop 7	completed loop 8	completed loop 9	completed loop 10
        nloops =  10   (total =  0.3075s)  (per loop =  0.0307 s)

Final cluster centers:
clusters[0] =   3.18   6.81   6.49   2.63   6.24   6.25   6.29   7.00   5.78   4.66   5.25   5.03   5.47   3.66   5.34   3.49 
clusters[1] =   4.96   4.74   5.22   4.96   2.56   6.73   4.77   3.38   7.54   4.72   3.81   6.77   4.88   5.89   4.11   3.00 
clusters[2] =   2.91   5.35   6.50   4.11   3.26   3.45   5.49   3.33   2.37   5.91   4.29   6.19   5.16   6.40   4.45   5.32 
clusters[3] =   5.66   3.83   7.12   6.39   5.30   6.25   7.04   3.88   5.60   3.65   6.84   6.96   4.56   5.04   6.55   6.42 
clusters[4] =   3.08   6.49   3.12   7.11   5.98   4.64   3.33   4.46   5.28   5.05   7.21   6.53   5.61   3.74   5.94   4.58 
clusters[5] =   4.41   3.98   6.38   6.14   7.35   5.27   3.81   4.72   5.94   4.35   3.48   2.76   4.67   7.34   5.20   3.44 
clusters[6] =   4.25   4.06   3.27   5.28   6.23   3.81   5.52   6.48   6.95   6.99   3.21   7.05   4.75   5.84   3.95   6.41 
clusters[7] =   3.76   3.38   3.17   5.07   3.31   7.00   6.31   6.81   4.40   4.25   4.77   3.27   4.92   5.40   5.69   7.13 
clusters[8] =   5.12   4.25   6.66   6.74   2.58   4.34   3.18   6.91   4.68   5.92   4.92   3.55   4.87   3.10   5.55   3.75 
clusters[9] =   5.23   3.30   5.36   2.98   5.43   4.23   4.24   3.09   6.38   6.85   7.34   3.21   5.15   4.46   4.62   6.21 
clusters[10] =   5.68   6.78   5.40   6.09   6.13   6.91   4.35   3.35   4.11   4.96   3.32   4.08   4.76   3.24   3.13   7.05 
clusters[11] =   6.00   3.94   3.23   5.31   5.99   4.04   7.28   3.55   3.70   5.30   3.56   4.34   5.52   3.22   6.46   2.94 
clusters[12] =   5.91   7.22   3.13   3.55   3.10   3.09   4.48   4.20   6.25   3.00   4.72   3.71   4.79   5.46   5.68   5.86 
clusters[13] =   6.54   4.56   3.10   3.91   5.15   6.93   3.76   5.45   2.72   4.85   6.49   6.11   4.41   6.55   4.02   3.21 
clusters[14] =   6.79   6.94   5.74   6.37   5.11   3.72   7.05   6.89   4.75   6.01   6.87   4.10   5.49   6.55   3.67   5.09 
clusters[15] =   6.70   4.24   6.18   3.54   6.39   3.36   3.10   6.63   3.80   3.51   3.98   6.78   5.12   4.40   5.93   6.45 
