
~~~~~~~~~~~~~~~~~~~~~~~~~~~~~~~~~~~~~~~~~~~~~~~~~~~~~~~~~~~~~~~~~~~~~~~~~~~~~~~~

dataset_size = 16.00 MB    numObjs = 262144    numCoords = 16    numClusters = 16
Initial cluster centers:
clusters[0] =   0.00   8.00   8.35   1.07   7.63   6.35   4.28  10.00   6.72   3.34   2.51   5.59   2.44   3.35   5.44   2.78
clusters[1] =   1.06   3.44   4.49   5.51   1.72   6.81   2.74   0.34   9.66   5.11   3.94   8.26   0.26   8.72   2.65   0.79
clusters[2] =   1.09   5.65   8.40   5.51   1.24   2.93   6.59   1.55   0.63   7.55   5.17   7.26   1.66   8.13   1.58   5.64
clusters[3] =   2.19   3.31   8.45   9.95   4.84   9.53   8.89   3.10   4.54   1.75   7.82   8.93   0.88   2.90   7.73   8.51
clusters[4] =   2.22   5.52   2.35   9.95   4.36   5.66   2.74   4.31   5.50   4.19   9.05   7.92   2.28   2.31   6.67   3.35
clusters[5] =   3.28   0.97   8.50   4.40   8.45   6.13   1.20   4.66   8.45   5.95   0.48   0.60   0.11   7.68   3.88   1.37
clusters[6] =   3.32   3.19   2.41   4.40   7.96   2.26   5.05   5.86   9.41   8.38   1.70   9.59   1.50   7.08   2.82   6.21
clusters[7] =   4.40   0.84   2.46   8.84   1.56   8.85   7.35   7.42   3.32   2.59   4.35   1.26   0.73   1.86   8.96   9.07
clusters[8] =   4.43   3.06   6.37   8.84   1.07   4.98   1.20   8.62   4.28   5.03   5.57   0.26   2.12   1.26   7.90   3.92
clusters[9] =   5.53   0.72   6.42   3.29   4.68   1.58   3.51   0.18   8.19   9.23   8.23   1.93   1.34   6.04   4.04   6.79
clusters[10] =   6.62   8.38   6.47   7.73   8.29   8.17   5.81   1.73   2.10   3.43   0.88   3.60   0.57   0.81   0.19   9.65
clusters[11] =   6.66   0.59   0.38   7.73   7.80   4.30   9.67   2.93   3.07   5.87   2.11   2.59   1.97   0.22   9.12   4.50
clusters[12] =   7.75   8.25   0.42   2.18   1.40   0.90   1.97   4.48   6.97   0.07   4.76   4.26   1.19   4.99   5.27   7.36
clusters[13] =   8.84   5.90   0.48   6.62   5.01   7.49   4.28   6.03   0.88   4.27   7.41   5.93   0.41   9.77   1.42   0.22
clusters[14] =   8.87   8.12   4.39   6.62   4.52   3.62   8.13   7.24   1.85   6.71   8.63   4.92   1.81   9.17   0.35   5.07
clusters[15] =   9.97   5.78   4.44   1.06   8.12   0.21   0.43   8.79   5.76   0.90   1.29   6.59   1.04   3.95   6.50   7.93

OpenMP Kmeans - Lock (nosync)	(number of threads: 32)
	completed loop 1	completed loop 2	completed loop 3	completed loop 4	completed loop 5	completed loop 6	completed loop 7	completed loop 8	completed loop 9	completed loop 10
        nloops =  10   (total =  0.9449s)  (per loop =  0.0945 s)

Final cluster centers:
clusters[0] =   2.21   5.70   5.37   2.29   5.36   5.00   5.16   6.38   4.25   3.54   4.63   4.54   4.78   3.05   4.33   3.11 
clusters[1] =   3.76   3.88   4.56   4.76   2.67   5.49   4.67   3.20   7.22   3.99   3.68   6.41   4.30   5.57   3.34   2.95 
clusters[2] =   3.44   5.99   6.83   4.75   3.74   4.58   5.62   3.86   2.68   6.70   4.56   6.85   5.97   7.23   5.56   6.41 
clusters[3] =   6.13   4.57   7.46   5.77   5.31   6.19   6.97   4.27   5.78   3.57   6.87   6.75   4.62   4.54   6.30   6.02 
clusters[4] =   4.15   6.91   3.40   6.67   6.15   5.55   3.59   4.91   5.79   5.89   7.27   6.57   6.04   3.93   6.74   4.67 
clusters[5] =   5.44   5.15   6.96   5.71   7.05   5.97   4.18   5.04   6.31   5.34   3.79   3.00   5.22   7.36   6.05   3.51 
clusters[6] =   4.97   4.46   3.78   4.86   6.56   4.34   5.95   6.55   7.06   7.05   3.65   7.24   5.34   6.07   4.14   6.71 
clusters[7] =   4.53   3.54   3.31   5.45   3.73   6.97   6.32   6.89   4.64   4.48   5.18   3.28   5.23   5.95   6.49   7.38 
clusters[8] =   4.46   3.88   6.33   6.93   2.54   3.99   2.96   6.54   4.54   5.78   4.53   3.65   5.01   3.12   5.57   3.75 
clusters[9] =   4.43   2.73   5.20   3.15   4.89   3.67   3.62   2.74   5.48   6.13   6.74   3.00   4.49   4.11   4.08   6.40 
clusters[10] =   4.94   6.34   5.01   6.08   5.66   6.28   4.36   3.37   3.88   4.46   3.15   3.74   4.34   3.00   2.67   7.07 
clusters[11] =   5.33   3.53   3.14   5.22   5.34   3.65   6.79   3.01   3.45   4.90   3.28   4.19   5.10   3.19   6.57   3.04 
clusters[12] =   5.48   7.11   3.09   3.71   3.23   3.27   4.14   3.55   6.16   3.14   4.41   3.82   4.93   6.02   6.33   6.54 
clusters[13] =   6.22   4.13   3.01   4.40   4.70   6.32   3.23   4.61   2.44   4.24   5.71   5.92   4.20   6.49   3.60   3.04 
clusters[14] =   6.22   6.38   4.89   4.93   4.41   3.07   6.68   6.19   4.28   5.21   6.66   3.44   5.01   5.62   2.81   3.97 
clusters[15] =   6.75   4.07   5.96   3.42   5.67   3.05   2.87   6.19   3.61   3.28   3.64   6.45   4.52   3.91   5.65   6.26 
