
~~~~~~~~~~~~~~~~~~~~~~~~~~~~~~~~~~~~~~~~~~~~~~~~~~~~~~~~~~~~~~~~~~~~~~~~~~~~~~~~

dataset_size = 16.00 MB    numObjs = 262144    numCoords = 16    numClusters = 16
Initial cluster centers:
clusters[0] =   0.00   8.00   8.35   1.07   7.63   6.35   4.28  10.00   6.72   3.34   2.51   5.59   2.44   3.35   5.44   2.78
clusters[1] =   1.06   3.44   4.49   5.51   1.72   6.81   2.74   0.34   9.66   5.11   3.94   8.26   0.26   8.72   2.65   0.79
clusters[2] =   1.09   5.65   8.40   5.51   1.24   2.93   6.59   1.55   0.63   7.55   5.17   7.26   1.66   8.13   1.58   5.64
clusters[3] =   2.19   3.31   8.45   9.95   4.84   9.53   8.89   3.10   4.54   1.75   7.82   8.93   0.88   2.90   7.73   8.51
clusters[4] =   2.22   5.52   2.35   9.95   4.36   5.66   2.74   4.31   5.50   4.19   9.05   7.92   2.28   2.31   6.67   3.35
clusters[5] =   3.28   0.97   8.50   4.40   8.45   6.13   1.20   4.66   8.45   5.95   0.48   0.60   0.11   7.68   3.88   1.37
clusters[6] =   3.32   3.19   2.41   4.40   7.96   2.26   5.05   5.86   9.41   8.38   1.70   9.59   1.50   7.08   2.82   6.21
clusters[7] =   4.40   0.84   2.46   8.84   1.56   8.85   7.35   7.42   3.32   2.59   4.35   1.26   0.73   1.86   8.96   9.07
clusters[8] =   4.43   3.06   6.37   8.84   1.07   4.98   1.20   8.62   4.28   5.03   5.57   0.26   2.12   1.26   7.90   3.92
clusters[9] =   5.53   0.72   6.42   3.29   4.68   1.58   3.51   0.18   8.19   9.23   8.23   1.93   1.34   6.04   4.04   6.79
clusters[10] =   6.62   8.38   6.47   7.73   8.29   8.17   5.81   1.73   2.10   3.43   0.88   3.60   0.57   0.81   0.19   9.65
clusters[11] =   6.66   0.59   0.38   7.73   7.80   4.30   9.67   2.93   3.07   5.87   2.11   2.59   1.97   0.22   9.12   4.50
clusters[12] =   7.75   8.25   0.42   2.18   1.40   0.90   1.97   4.48   6.97   0.07   4.76   4.26   1.19   4.99   5.27   7.36
clusters[13] =   8.84   5.90   0.48   6.62   5.01   7.49   4.28   6.03   0.88   4.27   7.41   5.93   0.41   9.77   1.42   0.22
clusters[14] =   8.87   8.12   4.39   6.62   4.52   3.62   8.13   7.24   1.85   6.71   8.63   4.92   1.81   9.17   0.35   5.07
clusters[15] =   9.97   5.78   4.44   1.06   8.12   0.21   0.43   8.79   5.76   0.90   1.29   6.59   1.04   3.95   6.50   7.93

OpenMP Kmeans - Lock (nosync)	(number of threads: 16)
	completed loop 1	completed loop 2	completed loop 3	completed loop 4	completed loop 5	completed loop 6	completed loop 7	completed loop 8	completed loop 9	completed loop 10
        nloops =  10   (total =  0.5296s)  (per loop =  0.0530 s)

Final cluster centers:
clusters[0] =   2.26   5.80   5.36   2.47   5.01   4.42   4.83   5.88   3.99   3.29   4.42   3.99   4.40   2.85   4.05   2.99 
clusters[1] =   3.73   3.68   4.44   4.83   2.54   5.13   4.43   3.10   7.03   3.77   3.78   6.27   4.21   5.39   3.23   2.92 
clusters[2] =   3.17   5.48   6.61   4.47   3.55   4.26   5.37   3.60   2.49   6.51   4.32   6.81   5.70   7.17   5.23   6.11 
clusters[3] =   5.83   4.62   7.32   5.45   5.19   6.36   6.98   4.42   5.87   3.69   6.81   7.10   4.78   4.98   6.70   6.11 
clusters[4] =   3.61   6.64   3.24   6.50   6.14   5.35   3.64   4.98   5.67   5.67   7.26   6.75   6.29   4.13   6.69   4.64 
clusters[5] =   5.10   4.93   6.76   5.65   7.13   5.99   4.22   5.04   6.27   5.12   3.59   3.03   5.14   7.33   5.90   3.38 
clusters[6] =   4.57   4.51   3.72   4.77   6.41   4.31   5.96   6.70   7.03   6.99   3.38   7.16   5.08   5.86   4.01   6.45 
clusters[7] =   4.05   3.40   3.21   5.32   3.68   6.93   6.33   6.85   4.45   4.26   4.92   3.18   4.97   5.60   6.16   7.34 
clusters[8] =   5.01   4.32   6.63   6.89   2.57   4.43   3.12   6.63   4.79   6.13   4.78   3.76   4.99   3.08   5.85   3.86 
clusters[9] =   4.87   2.89   5.28   3.19   5.11   3.87   3.95   2.94   5.91   6.48   7.10   3.05   4.89   4.32   4.36   6.39 
clusters[10] =   5.12   6.43   5.20   6.18   5.95   6.58   4.35   3.27   4.07   4.76   3.46   4.10   4.76   3.15   2.87   7.34 
clusters[11] =   5.81   3.77   3.27   5.37   5.44   3.77   6.96   3.19   3.56   5.13   3.46   4.31   5.27   3.17   6.55   2.96 
clusters[12] =   5.91   7.18   3.12   3.80   3.16   3.49   4.18   3.63   6.32   3.30   4.42   3.88   5.17   6.06   6.38   6.63 
clusters[13] =   6.47   4.29   3.07   4.32   4.76   6.49   3.35   4.81   2.60   4.34   5.86   5.86   4.11   6.42   3.70   2.97 
clusters[14] =   6.22   6.62   5.23   5.31   4.61   3.18   6.80   6.42   4.29   5.14   6.67   3.59   5.10   6.02   2.96   4.51 
clusters[15] =   6.70   3.94   5.88   3.53   5.91   3.05   2.89   6.20   3.58   3.23   3.75   6.40   4.53   3.92   5.68   6.40 
