FW: Recursive version
Number of threads: 1
FW_SR,2048,32,6.6596
FW_SR,2048,64,5.2112
FW_SR,2048,128,4.7580
FW_SR,2048,256,5.4804
FW_SR,2048,512,5.9545
Number of threads: 2
FW_SR,2048,32,5.0291
FW_SR,2048,64,3.9771
FW_SR,2048,128,3.7131
FW_SR,2048,256,4.3192
FW_SR,2048,512,4.8809
Number of threads: 4
FW_SR,2048,32,5.0583
FW_SR,2048,64,4.0640
FW_SR,2048,128,3.7044
FW_SR,2048,256,4.3650
FW_SR,2048,512,4.9047
Number of threads: 8
FW_SR,2048,32,5.0921
FW_SR,2048,64,4.0127
FW_SR,2048,128,3.7038
FW_SR,2048,256,4.4024
FW_SR,2048,512,4.9055
Number of threads: 16
FW_SR,2048,32,5.0676
FW_SR,2048,64,3.9893
FW_SR,2048,128,3.6964
FW_SR,2048,256,4.3509
FW_SR,2048,512,4.9055
Number of threads: 32
FW_SR,2048,32,5.0843
FW_SR,2048,64,4.0830
FW_SR,2048,128,3.7117
FW_SR,2048,256,4.4739
FW_SR,2048,512,4.9430
Number of threads: 64
FW_SR,2048,32,5.1610
FW_SR,2048,64,4.0424
FW_SR,2048,128,3.7786
FW_SR,2048,256,4.3740
FW_SR,2048,512,4.8999
