FW: Recursive version
FW: Tiled version
Number of threads: 
FW_TILED,1024,32,0.7931
FW_TILED,1024,64,0.6363
FW_TILED,1024,128,0.6617
FW_TILED,1024,256,0.7744
Number of threads: 
FW_TILED,1024,32,0.7893
FW_TILED,1024,64,0.6522
FW_TILED,1024,128,0.6604
FW_TILED,1024,256,0.7738
Number of threads: 
FW_TILED,1024,32,0.7736
FW_TILED,1024,64,0.6360
FW_TILED,1024,128,0.6586
FW_TILED,1024,256,0.7735
Number of threads: 
FW_TILED,1024,32,0.7737
FW_TILED,1024,64,0.6535
FW_TILED,1024,128,0.6734
FW_TILED,1024,256,0.7879
Number of threads: 
FW_TILED,1024,32,0.7746
FW_TILED,1024,64,0.6372
FW_TILED,1024,128,0.6624
FW_TILED,1024,256,0.7749
Number of threads: 
FW_TILED,1024,32,0.7742
FW_TILED,1024,64,0.6366
FW_TILED,1024,128,0.6610
FW_TILED,1024,256,0.7891
Number of threads: 
FW_TILED,1024,32,0.7741
FW_TILED,1024,64,0.6373
FW_TILED,1024,128,0.6743
FW_TILED,1024,256,0.8707
