FW: Tiled version
Number of threads: 1
FW_TILED,2048,32,6.4303
FW_TILED,2048,64,5.0323
FW_TILED,2048,128,4.8150
FW_TILED,2048,256,5.4521
Number of threads: 2
FW_TILED,2048,32,3.3246
FW_TILED,2048,64,2.6021
FW_TILED,2048,128,2.5275
FW_TILED,2048,256,3.1648
Number of threads: 4
FW_TILED,2048,32,1.7182
FW_TILED,2048,64,1.4307
FW_TILED,2048,128,1.5154
FW_TILED,2048,256,2.0195
Number of threads: 8
FW_TILED,2048,32,0.9618
FW_TILED,2048,64,0.7738
FW_TILED,2048,128,0.9492
FW_TILED,2048,256,1.6487
Number of threads: 16
FW_TILED,2048,32,0.8010
FW_TILED,2048,64,0.5171
FW_TILED,2048,128,0.8682
FW_TILED,2048,256,1.5755
Number of threads: 32
FW_TILED,2048,32,0.5412
FW_TILED,2048,64,0.5783
FW_TILED,2048,128,0.7486
FW_TILED,2048,256,1.8205
Number of threads: 64
FW_TILED,2048,32,0.6165
FW_TILED,2048,64,0.5898
FW_TILED,2048,128,0.8822
FW_TILED,2048,256,1.7065
