FW: Recursive version
FW: Tiled version
Number of threads: 1
FW_TILED,1024,32,0.8213
FW_TILED,1024,64,0.6545
FW_TILED,1024,128,0.6617
FW_TILED,1024,256,0.7846
Number of threads: 1
FW_TILED,4096,32,52.1076
FW_TILED,4096,64,40.0524
FW_TILED,4096,128,35.4971
FW_TILED,4096,256,45.4598
Number of threads: 2
FW_TILED,1024,32,0.4517
FW_TILED,1024,64,0.3466
FW_TILED,1024,128,0.4098
FW_TILED,1024,256,0.5407
Number of threads: 2
FW_TILED,4096,32,25.9977
FW_TILED,4096,64,20.8242
FW_TILED,4096,128,18.3847
FW_TILED,4096,256,23.1068
Number of threads: 4
FW_TILED,1024,32,0.2384
FW_TILED,1024,64,0.2120
FW_TILED,1024,128,0.3014
FW_TILED,1024,256,0.5316
Number of threads: 4
FW_TILED,4096,32,13.4494
FW_TILED,4096,64,11.0483
FW_TILED,4096,128,9.8319
FW_TILED,4096,256,12.2299
Number of threads: 8
FW_TILED,1024,32,0.1520
FW_TILED,1024,64,0.1502
FW_TILED,1024,128,0.2941
FW_TILED,1024,256,0.5920
Number of threads: 8
FW_TILED,4096,32,7.0240
FW_TILED,4096,64,5.5329
FW_TILED,4096,128,5.2468
FW_TILED,4096,256,7.3772
Number of threads: 16
FW_TILED,1024,32,0.1258
FW_TILED,1024,64,0.1550
FW_TILED,1024,128,0.2597
FW_TILED,1024,256,0.5725
Number of threads: 16
FW_TILED,4096,32,3.8016
FW_TILED,4096,64,3.0747
FW_TILED,4096,128,3.2396
FW_TILED,4096,256,5.5969
Number of threads: 32
FW_TILED,1024,32,0.1767
FW_TILED,1024,64,0.1303
FW_TILED,1024,128,0.2819
FW_TILED,1024,256,0.5988
Number of threads: 32
FW_TILED,4096,32,3.6059
FW_TILED,4096,64,2.8684
FW_TILED,4096,128,3.1249
FW_TILED,4096,256,4.7202
Number of threads: 64
FW_TILED,1024,32,0.3373
FW_TILED,1024,64,0.1817
FW_TILED,1024,128,0.3783
FW_TILED,1024,256,0.6214
Number of threads: 64
FW_TILED,4096,32,2.0194
FW_TILED,4096,64,1.9920
FW_TILED,4096,128,2.5547
FW_TILED,4096,256,5.2478
