FW: Recursive version
FW: Tiled version
Number of threads: 1
FW_TILED,4096,32,50.8490
FW_TILED,4096,64,39.7647
FW_TILED,4096,128,36.0726
FW_TILED,4096,256,43.4649
Number of threads: 2
FW_TILED,4096,32,50.9634
FW_TILED,4096,64,39.7559
FW_TILED,4096,128,36.0998
FW_TILED,4096,256,43.0206
Number of threads: 4
FW_TILED,4096,32,50.8615
FW_TILED,4096,64,39.8490
FW_TILED,4096,128,36.2452
FW_TILED,4096,256,43.3379
Number of threads: 8
FW_TILED,4096,32,50.9513
FW_TILED,4096,64,39.7694
FW_TILED,4096,128,36.0579
FW_TILED,4096,256,43.1916
Number of threads: 16
FW_TILED,4096,32,50.9651
FW_TILED,4096,64,39.7672
FW_TILED,4096,128,36.2829
FW_TILED,4096,256,43.4299
Number of threads: 32
FW_TILED,4096,32,51.0104
FW_TILED,4096,64,39.7702
FW_TILED,4096,128,36.1022
FW_TILED,4096,256,43.1908
Number of threads: 64
FW_TILED,4096,32,50.9621
FW_TILED,4096,64,39.7632
FW_TILED,4096,128,36.1556
